<?xml version="1.0" encoding="UTF-8"?>
<coverage generated="1695920156968" clover="3.2.0">
  <project timestamp="1695920156968" name="All files">
    <metrics statements="3" coveredstatements="3" conditionals="2" coveredconditionals="2" methods="2" coveredmethods="2" elements="7" coveredelements="7" complexity="0" loc="3" ncloc="3" packages="1" files="1" classes="1"/>
    <file name="matematica.js" path="/Users/22282790/Documents/teste/matematica.js">
      <metrics statements="3" coveredstatements="3" conditionals="2" coveredconditionals="2" methods="2" coveredmethods="2"/>
      <line num="2" count="1" type="stmt"/>
      <line num="7" count="5" type="cond" truecount="2" falsecount="0"/>
      <line num="10" count="1" type="stmt"/>
    </file>
  </project>
</coverage>
