{"/Users/22282790/Documents/teste/matematica.js": {"path":"/Users/22282790/Documents/teste/matematica.js","statementMap":{"0":{"start":{"line":2,"column":4},"end":{"line":2,"column":17}},"1":{"start":{"line":7,"column":4},"end":{"line":7,"column":44}},"2":{"start":{"line":10,"column":0},"end":{"line":13,"column":1}}},"fnMap":{"0":{"name":"soma","decl":{"start":{"line":1,"column":9},"end":{"line":1,"column":13}},"loc":{"start":{"line":1,"column":21},"end":{"line":3,"column":1}},"line":1},"1":{"name":"equatrorial","decl":{"start":{"line":5,"column":9},"end":{"line":5,"column":20}},"loc":{"start":{"line":5,"column":23},"end":{"line":8,"column":1}},"line":5}},"branchMap":{"0":{"loc":{"start":{"line":7,"column":11},"end":{"line":7,"column":44}},"type":"cond-expr","locations":[{"start":{"line":7,"column":20},"end":{"line":7,"column":21}},{"start":{"line":7,"column":24},"end":{"line":7,"column":44}}],"line":7}},"s":{"0":1,"1":5,"2":1},"f":{"0":1,"1":5},"b":{"0":[1,4]},"_coverageSchema":"1a1c01bbd47fc00a2c39e90264f33305004495a9","hash":"c0683e5f6780cc30ec4282133f5d6fecae7b1b06"}
}
